13:47:40 **** Rebuild of configuration Debug for project HelloWorld ****
Info: Internal Builder is used for build
g++ -O0 -g3 -Wall -c -fmessage-length=0 -o "src\\HelloWorld.o" "..\\src\\HelloWorld.cpp" 
g++ -o HelloWorld.exe "src\\HelloWorld.o" 
Info: Nothing to build for HelloWorld
13:48:18 **** Incremental Build of configuration Debug for project HelloWorld ****
Info: Internal Builder is used for build
g++ -O0 -g3 -Wall -c -fmessage-length=0 -o "src\\HelloWorld.o" "..\\src\\HelloWorld.cpp" 
g++ -o HelloWorld.exe "src\\HelloWorld.o" 
Info: Nothing to build for HelloWorld
13:48:44 **** Incremental Build of configuration Debug for project HelloWorld ****
Info: Internal Builder is used for build
g++ -O0 -g3 -Wall -c -fmessage-length=0 -o "src\\HelloWorld.o" "..\\src\\HelloWorld.cpp" 
g++ -o HelloWorld.exe "src\\HelloWorld.o" 
13:50:01 **** Incremental Build of configuration Debug for project HelloWorld ****
Info: Internal Builder is used for build
g++ -O0 -g3 -Wall -c -fmessage-length=0 -o "src\\HelloWorld.o" "..\\src\\HelloWorld.cpp" 
g++ -o HelloWorld.exe "src\\HelloWorld.o" 
13:52:34 **** Incremental Build of configuration Debug for project HelloWorld ****
Info: Internal Builder is used for build
g++ -O0 -g3 -Wall -c -fmessage-length=0 -o "src\\HelloWorld.o" "..\\src\\HelloWorld.cpp" 
..\src\HelloWorld.cpp:9:19: fatal error: iostrem: No such file or directory
compilation terminated.
13:52:49 **** Incremental Build of configuration Debug for project HelloWorld ****
Info: Internal Builder is used for build
g++ -O0 -g3 -Wall -c -fmessage-length=0 -o "src\\HelloWorld.o" "..\\src\\HelloWorld.cpp" 
g++ -o HelloWorld.exe "src\\HelloWorld.o" 
13:56:08 **** Incremental Build of configuration Debug for project HelloWorld ****
Info: Internal Builder is used for build
g++ -O0 -g3 -Wall -c -fmessage-length=0 -o "src\\HelloWorld.o" "..\\src\\HelloWorld.cpp" 
g++ -o HelloWorld.exe "src\\HelloWorld.o" 
13:56:22 **** Incremental Build of configuration Release for project HelloWorld ****
Info: Internal Builder is used for build
g++ -O3 -Wall -c -fmessage-length=0 -o "src\\HelloWorld.o" "..\\src\\HelloWorld.cpp" 
g++ -o HelloWorld.exe "src\\HelloWorld.o" 
Info: Nothing to build for HelloWorld
